This is pdfTeX, Version 3.1415926-1.40.10 (TeX Live 2009/Debian) (format=latex 2012.7.5)  17 OCT 2013 17:27
entering extended mode
 %&-line parsing enabled.
**VanWieringenEtal_EntropySequel2.tex
(./VanWieringenEtal_EntropySequel2.tex
LaTeX2e <2009/09/24>
Babel <v3.8l> and hyphenation patterns for english, usenglishmax, dumylang, noh
yphenation, loaded.
(/usr/share/texmf-texlive/tex/latex/base/article.cls
Document Class: article 2007/10/19 v1.4h Standard LaTeX document class
(/usr/share/texmf-texlive/tex/latex/base/size10.clo
File: size10.clo 2007/10/19 v1.4h Standard LaTeX file (size option)
)
\c@part=\count79
\c@section=\count80
\c@subsection=\count81
\c@subsubsection=\count82
\c@paragraph=\count83
\c@subparagraph=\count84
\c@figure=\count85
\c@table=\count86
\abovecaptionskip=\skip41
\belowcaptionskip=\skip42
\bibindent=\dimen102
)
(/usr/share/texmf-texlive/tex/latex/tools/bm.sty
Package: bm 2004/02/26 v1.1c Bold Symbol Support (DPC/FMi)
\symboldoperators=\mathgroup4
\symboldletters=\mathgroup5
\symboldsymbols=\mathgroup6
LaTeX Font Info:    Redeclaring math alphabet \mathbf on input line 138.
LaTeX Info: Redefining \bm on input line 204.
)
(/usr/share/texmf-texlive/tex/latex/graphics/graphicx.sty
Package: graphicx 1999/02/16 v1.0f Enhanced LaTeX Graphics (DPC,SPQR)

(/usr/share/texmf-texlive/tex/latex/graphics/keyval.sty
Package: keyval 1999/03/16 v1.13 key=value parser (DPC)
\KV@toks@=\toks14
)
(/usr/share/texmf-texlive/tex/latex/graphics/graphics.sty
Package: graphics 2009/02/05 v1.0o Standard LaTeX Graphics (DPC,SPQR)

(/usr/share/texmf-texlive/tex/latex/graphics/trig.sty
Package: trig 1999/03/16 v1.09 sin cos tan (DPC)
)
(/etc/texmf/tex/latex/config/graphics.cfg
File: graphics.cfg 2009/08/28 v1.8 graphics configuration of TeX Live
)
Package graphics Info: Driver file: dvips.def on input line 91.

(/usr/share/texmf-texlive/tex/latex/graphics/dvips.def
File: dvips.def 1999/02/16 v3.0i Driver-dependant file (DPC,SPQR)
))
\Gin@req@height=\dimen103
\Gin@req@width=\dimen104
) (./psfig.sty
\@unused=\write3
\ps@stream=\read1
\p@intvaluex=\dimen105
\p@intvaluey=\dimen106
)
(/usr/share/texmf-texlive/tex/latex/graphics/epsfig.sty
Package: epsfig 1999/02/16 v1.7a (e)psfig emulation (SPQR)
\epsfxsize=\dimen107
\epsfysize=\dimen108
)
(/usr/share/texmf-texlive/tex/latex/amsmath/amsmath.sty
Package: amsmath 2000/07/18 v2.13 AMS math features
\@mathmargin=\skip43

For additional information on amsmath, use the `?' option.
(/usr/share/texmf-texlive/tex/latex/amsmath/amstext.sty
Package: amstext 2000/06/29 v2.01

(/usr/share/texmf-texlive/tex/latex/amsmath/amsgen.sty
File: amsgen.sty 1999/11/30 v2.0
\@emptytoks=\toks15
\ex@=\dimen109
))
(/usr/share/texmf-texlive/tex/latex/amsmath/amsbsy.sty
Package: amsbsy 1999/11/29 v1.2d
LaTeX Info: Redefining \boldsymbol on input line 54.
\pmbraise@=\dimen110
)
(/usr/share/texmf-texlive/tex/latex/amsmath/amsopn.sty
Package: amsopn 1999/12/14 v2.01 operator names
)
\inf@bad=\count87
LaTeX Info: Redefining \frac on input line 211.
\uproot@=\count88
\leftroot@=\count89
LaTeX Info: Redefining \overline on input line 307.
\classnum@=\count90
\DOTSCASE@=\count91
LaTeX Info: Redefining \ldots on input line 379.
LaTeX Info: Redefining \dots on input line 382.
LaTeX Info: Redefining \cdots on input line 467.
\Mathstrutbox@=\box26
\strutbox@=\box27
\big@size=\dimen111
LaTeX Font Info:    Redeclaring font encoding OML on input line 567.
LaTeX Font Info:    Redeclaring font encoding OMS on input line 568.
\macc@depth=\count92
\c@MaxMatrixCols=\count93
\dotsspace@=\muskip10
\c@parentequation=\count94
\dspbrk@lvl=\count95
\tag@help=\toks16
\row@=\count96
\column@=\count97
\maxfields@=\count98
\andhelp@=\toks17
\eqnshift@=\dimen112
\alignsep@=\dimen113
\tagshift@=\dimen114
\tagwidth@=\dimen115
\totwidth@=\dimen116
\lineht@=\dimen117
\@envbody=\toks18
\multlinegap=\skip44
\multlinetaggap=\skip45
\mathdisplay@stack=\toks19
LaTeX Info: Redefining \[ on input line 2666.
LaTeX Info: Redefining \] on input line 2667.
)
(/usr/share/texmf-texlive/tex/latex/amsfonts/amssymb.sty
Package: amssymb 2009/06/22 v3.00

(/usr/share/texmf-texlive/tex/latex/amsfonts/amsfonts.sty
Package: amsfonts 2009/06/22 v3.00 Basic AMSFonts support
\symAMSa=\mathgroup7
\symAMSb=\mathgroup8
LaTeX Font Info:    Overwriting math alphabet `\mathfrak' in version `bold'
(Font)                  U/euf/m/n --> U/euf/b/n on input line 96.
))
(/usr/share/texmf-texlive/tex/latex/amscls/amsthm.sty
Package: amsthm 2004/08/06 v2.20
\thm@style=\toks20
\thm@bodyfont=\toks21
\thm@headfont=\toks22
\thm@notefont=\toks23
\thm@headpunct=\toks24
\thm@preskip=\skip46
\thm@postskip=\skip47
\thm@headsep=\skip48
\dth@everypar=\toks25
)
(/usr/share/texmf-texlive/tex/latex/ltxmisc/url.sty
\Urlmuskip=\muskip11
Package: url 2006/04/12  ver 3.3  Verb mode for urls, etc.
) (./natbib.sty
Package: natbib 1998/07/14 6.8c (PWD)
\bibhang=\skip49
\bibsep=\skip50
LaTeX Info: Redefining \cite on input line 467.
\c@NAT@ctr=\count99
)
(./paralist.sty
Package: paralist 1999/04/29 v1.8 Some new list environments (BS)
\pltopsep=\skip51
\plpartopsep=\skip52
\plitemsep=\skip53
\plparsep=\skip54
\pl@lab=\toks26
) (/usr/share/texmf-texlive/tex/latex/tools/afterpage.sty
Package: afterpage 1995/10/27 v1.08 After-Page Package (DPC)
\AP@output=\toks27
\AP@partial=\box28
\AP@footins=\box29
)
\c@example=\count100
\c@defin=\count101
\c@ther=\count102
\c@lemma=\count103
\c@prop=\count104
\c@coro=\count105

(./VanWieringenEtal_EntropySequel2.aux)
\openout1 = `VanWieringenEtal_EntropySequel2.aux'.

LaTeX Font Info:    Checking defaults for OML/cmm/m/it on input line 121.
LaTeX Font Info:    ... okay on input line 121.
LaTeX Font Info:    Checking defaults for T1/cmr/m/n on input line 121.
LaTeX Font Info:    ... okay on input line 121.
LaTeX Font Info:    Checking defaults for OT1/cmr/m/n on input line 121.
LaTeX Font Info:    ... okay on input line 121.
LaTeX Font Info:    Checking defaults for OMS/cmsy/m/n on input line 121.
LaTeX Font Info:    ... okay on input line 121.
LaTeX Font Info:    Checking defaults for OMX/cmex/m/n on input line 121.
LaTeX Font Info:    ... okay on input line 121.
LaTeX Font Info:    Checking defaults for U/cmr/m/n on input line 121.
LaTeX Font Info:    ... okay on input line 121.
LaTeX Font Info:    Try loading font information for U+msa on input line 122.

(/usr/share/texmf-texlive/tex/latex/amsfonts/umsa.fd
File: umsa.fd 2009/06/22 v3.00 AMS symbols A
)
LaTeX Font Info:    Try loading font information for U+msb on input line 122.

(/usr/share/texmf-texlive/tex/latex/amsfonts/umsb.fd
File: umsb.fd 2009/06/22 v3.00 AMS symbols B
)
Underfull \hbox (badness 10000) in paragraph at lines 126--134

 []


Underfull \hbox (badness 10000) in paragraph at lines 126--134

 []

[1

] (./VanWieringenEtal_EntropySequel2.toc [2])
\tf@toc=\write4
\openout4 = `VanWieringenEtal_EntropySequel2.toc'.

 [3] [4]
Underfull \hbox (badness 10000) in paragraph at lines 157--161

 []

[5] [6] [7] [8]
Underfull \hbox (badness 10000) in paragraph at lines 394--399

 []


Underfull \hbox (badness 10000) in paragraph at lines 440--448

 []


Underfull \hbox (badness 10000) in paragraph at lines 440--448

 []

[9]
Underfull \hbox (badness 10000) in paragraph at lines 456--461

 []

[10] [11] [12]
Underfull \hbox (badness 10000) in paragraph at lines 595--603

 []


Underfull \hbox (badness 10000) in paragraph at lines 595--603

 []

[13] [14]
Missing character: There is no Î in font cmr10!
Missing character: There is no » in font cmr10!
 [15]
Underfull \hbox (badness 10000) in paragraph at lines 851--859

 []


Underfull \hbox (badness 10000) in paragraph at lines 851--859

 []

[16] [17]
Underfull \hbox (badness 10000) in paragraph at lines 951--956

 []

[18] [19] [20] [21] [22]
Underfull \hbox (badness 10000) in paragraph at lines 1227--1234

 []

[23]
File: bivarDens_s1_s1_r0.ps Graphic file (type eps)
 <bivarDens_s1_s1_r0.ps>
File: bivarContour_s1_s1_r0.ps Graphic file (type eps)
 <bivarContour_s1_s1_r0.ps>
File: bivarDens_s2_s1_r0.ps Graphic file (type eps)

<bivarDens_s2_s1_r0.ps>
File: bivarContour_s2_s1_r0.ps Graphic file (type eps)
 <bivarContour_s2_s1_r0.ps>
File: bivarDens_s1_s1_r075.ps Graphic file (type eps)
 <bivarDens_s1_s1_r075.ps>
File: bivarContour_s1_s1_r075.ps Graphic file (type eps)

<bivarContour_s1_s1_r075.ps>

LaTeX Warning: `!h' float specifier changed to `!ht'.

[24] [25] [26

]
File: example_margDist.ps Graphic file (type eps)
 <example_margDist.ps>
File: example_condDist.ps Graphic file (type eps)
 <example_condDist.ps>

LaTeX Warning: `!h' float specifier changed to `!ht'.

[27] [28] [29] [30] [31] [32] [33] [34]
Overfull \hbox (3.42627pt too wide) in alignment at lines 2206--2231
 [][][] []
 []

[35] [36]
Underfull \hbox (badness 10000) in paragraph at lines 2369--2382

 []


Underfull \hbox (badness 10000) in paragraph at lines 2369--2382

 []


Underfull \hbox (badness 10000) in paragraph at lines 2404--2412

 []


Underfull \hbox (badness 10000) in paragraph at lines 2404--2412

 []

[37]
File: feedforwardMotif.eps Graphic file (type eps)
 <feedforwardMotif.eps>
File: feedforward3gene_data.ps Graphic file (type eps)
 <feedforward3gene_data.ps>

LaTeX Warning: `!h' float specifier changed to `!ht'.

[38] [39]
Overfull \hbox (13.99237pt too wide) in paragraph at lines 2459--2460
[]\OT1/cmr/m/n/10 The VAR(1) pro-cess is said to be \OT1/cmr/m/it/10 strictly s
ta-tion-ary \OT1/cmr/m/n/10 if $\OML/cmm/m/it/10 P\OT1/cmr/m/n/10 (\OT1/cmr/bx/
n/10 Y[]\OML/cmm/m/it/10 ; [] ; \OT1/cmr/bx/n/10 Y[]\OT1/cmr/m/n/10 ) = \OML/cm
m/m/it/10 P\OT1/cmr/m/n/10 (\OT1/cmr/bx/n/10 Y[]\OML/cmm/m/it/10 ; [] ; \OT1/cm
r/bx/n/10 Y[]\OT1/cmr/m/n/10 )$
 []

[40

]
Underfull \hbox (badness 10000) in paragraph at lines 2569--2575

 []

[41]
Underfull \hbox (badness 10000) in paragraph at lines 2629--2633

 []

[42] [43]
Underfull \hbox (badness 10000) in paragraph at lines 2706--2711

 []

[44] [45]
Overfull \hbox (5.96803pt too wide) in alignment at lines 2847--2854
 [][][] []
 []


Underfull \hbox (badness 10000) in paragraph at lines 2858--2863

 []

[46]
Underfull \hbox (badness 10000) in paragraph at lines 2893--2898

 []

[47] [48] [49] [50] [51] [52] (./VanWieringenEtal_EntropySequel2.bbl
Missing character: There is no „ in font cmr10!
Missing character: There is no ¤ in font cmr10!
) [53]
Underfull \hbox (badness 10000) in paragraph at lines 3350--3361

 []

[54] [55] (./VanWieringenEtal_EntropySequel2.aux) ) 
Here is how much of TeX's memory you used:
 2368 strings out of 495062
 27050 string characters out of 1182645
 96916 words of memory out of 3000000
 5495 multiletter control sequences out of 15000+50000
 19730 words of font info for 74 fonts, out of 3000000 for 9000
 28 hyphenation exceptions out of 8191
 27i,16n,24p,2028b,408s stack positions out of 5000i,500n,10000p,200000b,50000s

Output written on VanWieringenEtal_EntropySequel2.dvi (55 pages, 217812 bytes).

